[debug] [2024-06-20T12:49:47.172Z] ----------------------------------------------------------------------
[debug] [2024-06-20T12:49:47.174Z] Command:       C:\Program Files\nodejs\node.exe C:\Users\arush\AppData\Roaming\npm\node_modules\firebase-tools\lib\bin\firebase.js init
[debug] [2024-06-20T12:49:47.174Z] CLI Version:   13.10.1
[debug] [2024-06-20T12:49:47.174Z] Platform:      win32
[debug] [2024-06-20T12:49:47.174Z] Node Version:  v20.11.1
[debug] [2024-06-20T12:49:47.175Z] Time:          Thu Jun 20 2024 18:19:47 GMT+0530 (India Standard Time)
[debug] [2024-06-20T12:49:47.175Z] ----------------------------------------------------------------------
[debug] 
[debug] [2024-06-20T12:49:47.176Z] >>> [apiv2][query] GET https://firebase-public.firebaseio.com/cli.json [none]
[debug] [2024-06-20T12:49:47.244Z] > command requires scopes: ["email","openid","https://www.googleapis.com/auth/cloudplatformprojects.readonly","https://www.googleapis.com/auth/firebase","https://www.googleapis.com/auth/cloud-platform"]
[debug] [2024-06-20T12:49:47.244Z] > authorizing via signed-in user (arushtripathi121@gmail.com)
[info] 
     ######## #### ########  ######## ########     ###     ######  ########
     ##        ##  ##     ## ##       ##     ##  ##   ##  ##       ##
     ######    ##  ########  ######   ########  #########  ######  ######
     ##        ##  ##    ##  ##       ##     ## ##     ##       ## ##
     ##       #### ##     ## ######## ########  ##     ##  ######  ########

You're about to initialize a Firebase project in this directory:

  C:\Users\arush\netflix-clone

Before we get started, keep in mind:

  * You are initializing within an existing Firebase project directory

[debug] [2024-06-20T12:49:47.918Z] <<< [apiv2][status] GET https://firebase-public.firebaseio.com/cli.json 200
[debug] [2024-06-20T12:49:47.919Z] <<< [apiv2][body] GET https://firebase-public.firebaseio.com/cli.json {"cloudBuildErrorAfter":1594252800000,"cloudBuildWarnAfter":1590019200000,"defaultNode10After":1594252800000,"minVersion":"3.0.5","node8DeploysDisabledAfter":1613390400000,"node8RuntimeDisabledAfter":1615809600000,"node8WarnAfter":1600128000000}
